<?xml version="1.0" encoding="UTF-8"?>
<!-- Generated by org.testng.reporters.JUnitXMLReporter -->
<testsuite hostname="SPHINX" ignored="0" name="Test" tests="4" failures="1" timestamp="23 Jan 2019 11:11:07 GMT" time="0.219" errors="0">
  <testcase name="@AfterMethod getResult" time="0.002" classname="example.base">
    <failure type="java.lang.NullPointerException">
      <![CDATA[java.lang.NullPointerException
at example.base.getResult(base.java:66)
... Removed 28 stack frames]]>
    </failure>
  </testcase> <!-- @AfterMethod getResult -->
  <testcase name="@AfterMethod getResult" time="0.0" classname="example.base">
    <skipped/>
  </testcase> <!-- @AfterMethod getResult -->
  <testcase name="@AfterMethod getResult" time="0.0" classname="example.base">
    <skipped/>
  </testcase> <!-- @AfterMethod getResult -->
  <testcase name="@AfterMethod getResult" time="0.0" classname="example.base">
    <skipped/>
  </testcase> <!-- @AfterMethod getResult -->
  <testcase name="@AfterClass cleanUp" time="0.0" classname="example.base">
    <skipped/>
  </testcase> <!-- @AfterClass cleanUp -->
  <testcase name="test1" time="0.005" classname="example.NewTest">
    <failure type="java.lang.NullPointerException">
      <![CDATA[java.lang.NullPointerException
at example.NewTest.test1(NewTest.java:32)
... Removed 25 stack frames]]>
    </failure>
  </testcase> <!-- test1 -->
  <testcase name="verifyTitle" time="0.0" classname="example.NewTest">
    <skipped/>
  </testcase> <!-- verifyTitle -->
  <testcase name="test2" time="0.0" classname="example.NewTest">
    <skipped/>
  </testcase> <!-- test2 -->
  <testcase name="test3" time="0.0" classname="example.NewTest">
    <skipped/>
  </testcase> <!-- test3 -->
</testsuite> <!-- Test -->
