<?xml version="1.0" encoding="UTF-8"?>
<testng-results skipped="0" failed="0" ignored="0" total="1" passed="1">
  <reporter-output>
  </reporter-output>
  <suite name="Default suite" duration-ms="11675" started-at="2019-01-14T07:20:31Z" finished-at="2019-01-14T07:20:43Z">
    <groups>
    </groups>
    <test name="Default test" duration-ms="11675" started-at="2019-01-14T07:20:31Z" finished-at="2019-01-14T07:20:43Z">
      <class name="example.NewTest">
        <test-method status="PASS" signature="beforeClass()[pri:0, instance:example.NewTest@57baeedf]" name="beforeClass" is-config="true" duration-ms="5778" started-at="2019-01-14T07:20:31Z" finished-at="2019-01-14T07:20:37Z">
          <reporter-output>
          </reporter-output>
        </test-method> <!-- beforeClass -->
        <test-method status="PASS" signature="test1()[pri:0, instance:example.NewTest@57baeedf]" name="test1" duration-ms="5893" started-at="2019-01-14T07:20:37Z" finished-at="2019-01-14T07:20:43Z">
          <reporter-output>
          </reporter-output>
        </test-method> <!-- test1 -->
        <test-method status="PASS" signature="afterClass()[pri:0, instance:example.NewTest@57baeedf]" name="afterClass" is-config="true" duration-ms="0" started-at="2019-01-14T07:20:43Z" finished-at="2019-01-14T07:20:43Z">
          <reporter-output>
          </reporter-output>
        </test-method> <!-- afterClass -->
      </class> <!-- example.NewTest -->
    </test> <!-- Default test -->
  </suite> <!-- Default suite -->
</testng-results>
